TN:
SF:src\utils\conversion.js
FN:2,toCelsius
FN:7,toFahrenheit
FNF:2
FNH:2
FNDA:5,toCelsius
FNDA:5,toFahrenheit
DA:3,5
DA:4,3
DA:8,5
DA:9,3
LF:4
LH:4
BRDA:3,0,0,2
BRDA:3,0,1,3
BRDA:8,1,0,2
BRDA:8,1,1,3
BRF:4
BRH:4
end_of_record
TN:
SF:src\utils\movingAverage.js
FN:2,movingAverage
FN:3,(anonymous_1)
FN:11,(anonymous_2)
FNF:3
FNH:3
FNDA:6,movingAverage
FNDA:18,(anonymous_1)
FNDA:9,(anonymous_2)
DA:3,18
DA:4,2
DA:6,4
DA:7,2
DA:9,2
DA:10,2
DA:11,9
DA:12,4
DA:14,2
LF:9
LH:9
BRDA:3,0,0,2
BRDA:3,0,1,4
BRDA:3,1,0,6
BRDA:3,1,1,6
BRDA:6,2,0,2
BRDA:6,2,1,2
BRDA:6,3,0,4
BRDA:6,3,1,4
BRDA:6,3,2,3
BRF:9
BRH:9
end_of_record
